# JRE version: OpenJDK Runtime Environment Temurin-17.0.8+7 (17.0.8+7) (build 17.0.8+7)
# Java VM: OpenJDK 64-Bit Server VM Temurin-17.0.8+7 (17.0.8+7, mixed mode, emulated-client, tiered, compressed oops, compressed class ptrs, g1 gc, windows-amd64)
GC Precious Log:
 CPUs: 2 total, 2 available
 Memory: 8191M
 Large Page Support: Disabled
 NUMA Support: Disabled
 Compressed Oops: Enabled (32-bit)
 Heap Region Size: 1M
 Heap Min Capacity: 8M
 Heap Initial Capacity: 128M
 Heap Max Capacity: 2G
 Pre-touch: Disabled
 Parallel Workers: 2
 Concurrent Workers: 1
 Concurrent Refinement Workers: 2
 Periodic GC: Disabled
Heap:
 garbage-first heap   total 78848K, used 48907K [0x0000000080000000, 0x0000000100000000)
  region size 1024K, 13 young (13312K), 1 survivors (1024K)
 Metaspace       used 79291K, committed 80512K, reserved 1179648K
  class space    used 11081K, committed 11456K, reserved 1048576K
GC Heap History (20 events):
Event: 46105.309 GC heap before
{Heap before GC invocations=961 (full 32):
 garbage-first heap   total 78848K, used 68079K [0x0000000080000000, 0x0000000100000000)
  region size 1024K, 31 young (31744K), 1 survivors (1024K)
 Metaspace       used 79291K, committed 80512K, reserved 1179648K
  class space    used 11081K, committed 11456K, reserved 1048576K
}
Event: 46105.310 GC heap after
{Heap after GC invocations=962 (full 32):
 garbage-first heap   total 78848K, used 37366K [0x0000000080000000, 0x0000000100000000)
  region size 1024K, 1 young (1024K), 1 survivors (1024K)
 Metaspace       used 79291K, committed 80512K, reserved 1179648K
  class space    used 11081K, committed 11456K, reserved 1048576K
}
Event: 46158.391 GC heap before
{Heap before GC invocations=962 (full 32):
 garbage-first heap   total 78848K, used 68086K [0x0000000080000000, 0x0000000100000000)
  region size 1024K, 31 young (31744K), 1 survivors (1024K)
 Metaspace       used 79291K, committed 80512K, reserved 1179648K
  class space    used 11081K, committed 11456K, reserved 1048576K
}
Event: 46158.392 GC heap after
{Heap after GC invocations=963 (full 32):
 garbage-first heap   total 78848K, used 37394K [0x0000000080000000, 0x0000000100000000)
  region size 1024K, 1 young (1024K), 1 survivors (1024K)
 Metaspace       used 79291K, committed 80512K, reserved 1179648K
  class space    used 11081K, committed 11456K, reserved 1048576K
}
Event: 46211.586 GC heap before
{Heap before GC invocations=963 (full 32):
 garbage-first heap   total 78848K, used 68114K [0x0000000080000000, 0x0000000100000000)
  region size 1024K, 31 young (31744K), 1 survivors (1024K)
 Metaspace       used 79291K, committed 80512K, reserved 1179648K
  class space    used 11081K, committed 11456K, reserved 1048576K
}
Event: 46211.586 GC heap after
{Heap after GC invocations=964 (full 32):
 garbage-first heap   total 78848K, used 37388K [0x0000000080000000, 0x0000000100000000)
  region size 1024K, 1 young (1024K), 1 survivors (1024K)
 Metaspace       used 79291K, committed 80512K, reserved 1179648K
  class space    used 11081K, committed 11456K, reserved 1048576K
}
Event: 46264.635 GC heap before
{Heap before GC invocations=964 (full 32):
 garbage-first heap   total 78848K, used 68108K [0x0000000080000000, 0x0000000100000000)
  region size 1024K, 31 young (31744K), 1 survivors (1024K)
 Metaspace       used 79291K, committed 80512K, reserved 1179648K
  class space    used 11081K, committed 11456K, reserved 1048576K
}
Event: 46264.636 GC heap after
{Heap after GC invocations=965 (full 32):
 garbage-first heap   total 78848K, used 37404K [0x0000000080000000, 0x0000000100000000)
  region size 1024K, 1 young (1024K), 1 survivors (1024K)
 Metaspace       used 79291K, committed 80512K, reserved 1179648K
  class space    used 11081K, committed 11456K, reserved 1048576K
}
Event: 46317.726 GC heap before
{Heap before GC invocations=965 (full 32):
 garbage-first heap   total 78848K, used 68124K [0x0000000080000000, 0x0000000100000000)
  region size 1024K, 31 young (31744K), 1 survivors (1024K)
 Metaspace       used 79291K, committed 80512K, reserved 1179648K
  class space    used 11081K, committed 11456K, reserved 1048576K
}
Event: 46317.727 GC heap after
{Heap after GC invocations=966 (full 32):
 garbage-first heap   total 78848K, used 37387K [0x0000000080000000, 0x0000000100000000)
  region size 1024K, 1 young (1024K), 1 survivors (1024K)
 Metaspace       used 79291K, committed 80512K, reserved 1179648K
  class space    used 11081K, committed 11456K, reserved 1048576K
}
Event: 46371.035 GC heap before
{Heap before GC invocations=966 (full 32):
 garbage-first heap   total 78848K, used 68107K [0x0000000080000000, 0x0000000100000000)
  region size 1024K, 31 young (31744K), 1 survivors (1024K)
 Metaspace       used 79291K, committed 80512K, reserved 1179648K
  class space    used 11081K, committed 11456K, reserved 1048576K
}
Event: 46371.036 GC heap after
{Heap after GC invocations=967 (full 32):
 garbage-first heap   total 78848K, used 37360K [0x0000000080000000, 0x0000000100000000)
  region size 1024K, 1 young (1024K), 1 survivors (1024K)
 Metaspace       used 79291K, committed 80512K, reserved 1179648K
  class space    used 11081K, committed 11456K, reserved 1048576K
}
Event: 46424.019 GC heap before
{Heap before GC invocations=967 (full 32):
 garbage-first heap   total 78848K, used 68080K [0x0000000080000000, 0x0000000100000000)
  region size 1024K, 31 young (31744K), 1 survivors (1024K)
 Metaspace       used 79291K, committed 80512K, reserved 1179648K
  class space    used 11081K, committed 11456K, reserved 1048576K
}
Event: 46424.020 GC heap after
{Heap after GC invocations=968 (full 32):
 garbage-first heap   total 78848K, used 37359K [0x0000000080000000, 0x0000000100000000)
  region size 1024K, 1 young (1024K), 1 survivors (1024K)
 Metaspace       used 79291K, committed 80512K, reserved 1179648K
  class space    used 11081K, committed 11456K, reserved 1048576K
}
Event: 46477.149 GC heap before
{Heap before GC invocations=968 (full 32):
 garbage-first heap   total 78848K, used 68079K [0x0000000080000000, 0x0000000100000000)
  region size 1024K, 31 young (31744K), 1 survivors (1024K)
 Metaspace       used 79291K, committed 80512K, reserved 1179648K
  class space    used 11081K, committed 11456K, reserved 1048576K
}
Event: 46477.150 GC heap after
{Heap after GC invocations=969 (full 32):
 garbage-first heap   total 78848K, used 37377K [0x0000000080000000, 0x0000000100000000)
  region size 1024K, 1 young (1024K), 1 survivors (1024K)
 Metaspace       used 79291K, committed 80512K, reserved 1179648K
  class space    used 11081K, committed 11456K, reserved 1048576K
}
Event: 46529.382 GC heap before
{Heap before GC invocations=969 (full 32):
 garbage-first heap   total 78848K, used 68097K [0x0000000080000000, 0x0000000100000000)
  region size 1024K, 31 young (31744K), 1 survivors (1024K)
 Metaspace       used 79291K, committed 80512K, reserved 1179648K
  class space    used 11081K, committed 11456K, reserved 1048576K
}
Event: 46529.383 GC heap after
{Heap after GC invocations=970 (full 32):
 garbage-first heap   total 78848K, used 37496K [0x0000000080000000, 0x0000000100000000)
  region size 1024K, 1 young (1024K), 1 survivors (1024K)
 Metaspace       used 79291K, committed 80512K, reserved 1179648K
  class space    used 11081K, committed 11456K, reserved 1048576K
}
Event: 46581.033 GC heap before
{Heap before GC invocations=970 (full 32):
 garbage-first heap   total 78848K, used 68216K [0x0000000080000000, 0x0000000100000000)
  region size 1024K, 31 young (31744K), 1 survivors (1024K)
 Metaspace       used 79291K, committed 80512K, reserved 1179648K
  class space    used 11081K, committed 11456K, reserved 1048576K
}
Event: 46581.035 GC heap after
{Heap after GC invocations=971 (full 32):
 garbage-first heap   total 78848K, used 37643K [0x0000000080000000, 0x0000000100000000)
  region size 1024K, 1 young (1024K), 1 survivors (1024K)
 Metaspace       used 79291K, committed 80512K, reserved 1179648K
  class space    used 11081K, committed 11456K, reserved 1048576K
}

